<?xml version="1.0" encoding="UTF-8"?>
<testng-results ignored="0" total="1" passed="1" failed="0" skipped="0">
  <reporter-output>
  </reporter-output>
  <suite started-at="2020-06-02T22:52:09 IST" name="Default suite" finished-at="2020-06-02T22:52:32 IST" duration-ms="23338">
    <groups>
    </groups>
    <test started-at="2020-06-02T22:52:09 IST" name="Default test" finished-at="2020-06-02T22:52:32 IST" duration-ms="23338">
      <class name="Appiumpractise.Appiumpro.AppLoad">
        <test-method signature="launch()[pri:0, instance:Appiumpractise.Appiumpro.AppLoad@45018215]" started-at="2020-06-02T22:52:09 IST" name="launch" finished-at="2020-06-02T22:52:32 IST" duration-ms="23256" status="PASS">
          <reporter-output>
          </reporter-output>
        </test-method> <!-- launch -->
      </class> <!-- Appiumpractise.Appiumpro.AppLoad -->
    </test> <!-- Default test -->
  </suite> <!-- Default suite -->
</testng-results>
